2025-04-09 05:16:55 | SUCCESS | Username: abhi | Password: abhi
2025-04-09 05:17:02 | FAILED  | Username: ndiud | Password: jbd
2025-04-09 05:17:07 | FAILED  | Username: abhi | Password: jjdss
2025-04-09 05:17:14 | SUCCESS | Username: abhi | Password: abhi
2025-04-09 05:21:32 | FAILED  | Username: abhi | Password: 'abhi
2025-04-09 05:21:38 | FAILED  | Username: abhi' | Password: abhi
2025-04-09 05:21:41 | FAILED  | Username: abyhi | Password: abhi
2025-04-09 05:21:43 | LOCKED OUT after 3 failed attempts
2025-04-09 05:24:09 | SUCCESS | Username: abhi | Password: abhi
2025-04-09 05:25:19 | FAILED  | Username: jj] | Password: ff
2025-04-09 05:25:25 | FAILED  | Username: vf | Password: ff
2025-04-09 05:38:27 | SUCCESS | Username: abhi | Password: abhi
2025-04-09 05:38:32 | FAILED  | Username: kk | Password: dd
2025-04-09 05:40:57 | FAILED  | Username: abhids | Password: dd
2025-04-09 05:41:09 | FAILED  | Username: abhiii | Password: abhulll
2025-04-09 05:41:15 | SUCCESS | Username: abhi | Password: abhi
2025-04-09 05:53:54 | FAILED  | Username: abhi | Password: anbhi
2025-04-09 05:53:59 | SUCCESS | Username: abhi | Password: abhi
2025-04-09 05:54:09 | FAILED  | Username: uio | Password: uio
2025-04-09 05:55:42 | FAILED  | Username: abho | Password: hd
2025-04-09 05:57:24 | FAILED  | Username: abhi | Password: abh
2025-04-09 05:57:33 | SUCCESS | Username: abhi | Password: abhi
2025-04-09 06:00:27 | SUCCESS | Username: abhi | Password: abhi
2025-04-09 06:01:36 | SUCCESS | Username: abhi | Password: abhi
2025-04-09 06:04:20 | SUCCESS | Username: abhi | Password: abhi
2025-04-09 06:06:39 | FAILED  | Username: djj | Password: dd
2025-04-09 06:06:45 | SUCCESS | Username: abhi | Password: abhi
2025-04-09 06:08:47 | SUCCESS | Username: abhi | Password: abhi
2025-04-09 06:09:38 | SUCCESS | Username: abhi | Password: abhi
2025-04-09 06:17:05 | SUCCESS | Username: abhi | Password: abhi
2025-04-09 06:18:11 | SUCCESS | Username: abhi | Password: abhi
2025-04-09 06:19:06 | SUCCESS | Username: abhi | Password: abhi
2025-04-09 06:24:03 | SUCCESS | Username: abhi | Password: abhi
2025-04-09 06:27:33 | FAILED  | Username: abhi | Password: abhu
2025-04-09 06:27:37 | SUCCESS | Username: abhi | Password: abhi
2025-04-09 06:28:43 | FAILED  | Username: abi | Password: 1223
2025-04-09 06:28:47 | SUCCESS | Username: abhi | Password: abhi
2025-04-09 06:32:26 | FAILED  | Username: abhi1 | Password: abhi1
2025-04-09 06:32:30 | SUCCESS | Username: abhi | Password: abhi
2025-04-09 08:31:04 | FAILED  | Username: abhi | Password: abhhi
2025-04-09 08:31:09 | SUCCESS | Username: abhi | Password: abhi
2025-04-09 08:37:10 | SUCCESS | Username: abhi | Password: abhi
2025-04-09 08:39:44 | SUCCESS | Username: abhi | Password: abhi
2025-04-09 10:22:25 | SUCCESS | Username: abhi | Password: abhi
2025-04-10 06:28:52 | SUCCESS | Username: abhi | Password: abhi
